<?xml version="1.0" encoding="UTF-8"?>
<coverage generated="1726071460850" clover="3.2.0">
  <project timestamp="1726071460851" name="All files">
    <metrics statements="90" coveredstatements="26" conditionals="33" coveredconditionals="15" methods="38" coveredmethods="8" elements="161" coveredelements="49" complexity="0" loc="90" ncloc="90" packages="4" files="8" classes="8"/>
    <package name="src">
      <metrics statements="5" coveredstatements="5" conditionals="6" coveredconditionals="6" methods="1" coveredmethods="1"/>
      <file name="App.tsx" path="/mnt/c/Users/Orco/proyectos/samy/samy-test/src/App.tsx">
        <metrics statements="5" coveredstatements="5" conditionals="6" coveredconditionals="6" methods="1" coveredmethods="1"/>
        <line num="9" count="3" type="stmt"/>
        <line num="10" count="3" type="stmt"/>
        <line num="12" count="3" type="cond" truecount="4" falsecount="0"/>
        <line num="13" count="2" type="cond" truecount="2" falsecount="0"/>
        <line num="15" count="1" type="stmt"/>
      </file>
    </package>
    <package name="src.api">
      <metrics statements="9" coveredstatements="0" conditionals="0" coveredconditionals="0" methods="6" coveredmethods="0"/>
      <file name="getImages.ts" path="/mnt/c/Users/Orco/proyectos/samy/samy-test/src/api/getImages.ts">
        <metrics statements="6" coveredstatements="0" conditionals="0" coveredconditionals="0" methods="3" coveredmethods="0"/>
        <line num="21" count="0" type="stmt"/>
        <line num="23" count="0" type="stmt"/>
        <line num="26" count="0" type="stmt"/>
        <line num="27" count="0" type="stmt"/>
        <line num="29" count="0" type="stmt"/>
        <line num="30" count="0" type="stmt"/>
      </file>
      <file name="likeImage.ts" path="/mnt/c/Users/Orco/proyectos/samy/samy-test/src/api/likeImage.ts">
        <metrics statements="3" coveredstatements="0" conditionals="0" coveredconditionals="0" methods="3" coveredmethods="0"/>
        <line num="2" count="0" type="stmt"/>
        <line num="6" count="0" type="stmt"/>
        <line num="8" count="0" type="stmt"/>
      </file>
    </package>
    <package name="src.components">
      <metrics statements="19" coveredstatements="19" conditionals="10" coveredconditionals="9" methods="7" coveredmethods="7"/>
      <file name="Header.tsx" path="/mnt/c/Users/Orco/proyectos/samy/samy-test/src/components/Header.tsx">
        <metrics statements="13" coveredstatements="13" conditionals="4" coveredconditionals="4" methods="3" coveredmethods="3"/>
        <line num="11" count="2" type="stmt"/>
        <line num="12" count="7" type="stmt"/>
        <line num="13" count="7" type="stmt"/>
        <line num="14" count="4" type="stmt"/>
        <line num="15" count="4" type="stmt"/>
        <line num="17" count="4" type="cond" truecount="2" falsecount="0"/>
        <line num="18" count="1" type="stmt"/>
        <line num="19" count="3" type="cond" truecount="2" falsecount="0"/>
        <line num="20" count="2" type="stmt"/>
        <line num="21" count="6" type="stmt"/>
        <line num="23" count="2" type="stmt"/>
        <line num="25" count="1" type="stmt"/>
        <line num="28" count="7" type="stmt"/>
      </file>
      <file name="ImageCard.tsx" path="/mnt/c/Users/Orco/proyectos/samy/samy-test/src/components/ImageCard.tsx">
        <metrics statements="4" coveredstatements="4" conditionals="6" coveredconditionals="5" methods="3" coveredmethods="3"/>
        <line num="17" count="2" type="stmt"/>
        <line num="24" count="5" type="stmt"/>
        <line num="30" count="5" type="stmt"/>
        <line num="56" count="1" type="stmt"/>
      </file>
      <file name="SearchBar.tsx" path="/mnt/c/Users/Orco/proyectos/samy/samy-test/src/components/SearchBar.tsx">
        <metrics statements="2" coveredstatements="2" conditionals="0" coveredconditionals="0" methods="1" coveredmethods="1"/>
        <line num="10" count="3" type="stmt"/>
        <line num="11" count="10" type="stmt"/>
      </file>
    </package>
    <package name="src.hooks">
      <metrics statements="57" coveredstatements="2" conditionals="17" coveredconditionals="0" methods="24" coveredmethods="0"/>
      <file name="useFetchImages.ts" path="/mnt/c/Users/Orco/proyectos/samy/samy-test/src/hooks/useFetchImages.ts">
        <metrics statements="39" coveredstatements="1" conditionals="9" coveredconditionals="0" methods="20" coveredmethods="0"/>
        <line num="4" count="1" type="cond" truecount="0" falsecount="1"/>
        <line num="5" count="0" type="stmt"/>
        <line num="6" count="0" type="stmt"/>
        <line num="7" count="0" type="stmt"/>
        <line num="8" count="0" type="stmt"/>
        <line num="9" count="0" type="stmt"/>
        <line num="10" count="0" type="stmt"/>
        <line num="12" count="0" type="stmt"/>
        <line num="13" count="0" type="stmt"/>
        <line num="14" count="0" type="stmt"/>
        <line num="16" count="0" type="cond" truecount="0" falsecount="2"/>
        <line num="17" count="0" type="stmt"/>
        <line num="19" count="0" type="stmt"/>
        <line num="20" count="0" type="stmt"/>
        <line num="21" count="0" type="stmt"/>
        <line num="22" count="0" type="stmt"/>
        <line num="23" count="0" type="stmt"/>
        <line num="24" count="0" type="stmt"/>
        <line num="25" count="0" type="stmt"/>
        <line num="28" count="0" type="stmt"/>
        <line num="29" count="0" type="stmt"/>
        <line num="30" count="0" type="stmt"/>
        <line num="31" count="0" type="stmt"/>
        <line num="32" count="0" type="stmt"/>
        <line num="33" count="0" type="stmt"/>
        <line num="34" count="0" type="stmt"/>
        <line num="40" count="0" type="stmt"/>
        <line num="43" count="0" type="stmt"/>
        <line num="47" count="0" type="stmt"/>
        <line num="48" count="0" type="stmt"/>
        <line num="51" count="0" type="stmt"/>
        <line num="52" count="0" type="stmt"/>
        <line num="53" count="0" type="cond" truecount="0" falsecount="2"/>
        <line num="57" count="0" type="cond" truecount="0" falsecount="4"/>
        <line num="58" count="0" type="stmt"/>
        <line num="63" count="0" type="stmt"/>
        <line num="64" count="0" type="stmt"/>
        <line num="65" count="0" type="stmt"/>
        <line num="69" count="0" type="stmt"/>
      </file>
      <file name="useLikeImage.ts" path="/mnt/c/Users/Orco/proyectos/samy/samy-test/src/hooks/useLikeImage.ts">
        <metrics statements="18" coveredstatements="1" conditionals="8" coveredconditionals="0" methods="4" coveredmethods="0"/>
        <line num="5" count="1" type="stmt"/>
        <line num="9" count="0" type="stmt"/>
        <line num="10" count="0" type="stmt"/>
        <line num="12" count="0" type="stmt"/>
        <line num="13" count="0" type="cond" truecount="0" falsecount="2"/>
        <line num="15" count="0" type="stmt"/>
        <line num="16" count="0" type="stmt"/>
        <line num="17" count="0" type="stmt"/>
        <line num="18" count="0" type="cond" truecount="0" falsecount="2"/>
        <line num="20" count="0" type="stmt"/>
        <line num="21" count="0" type="cond" truecount="0" falsecount="2"/>
        <line num="22" count="0" type="stmt"/>
        <line num="28" count="0" type="stmt"/>
        <line num="31" count="0" type="stmt"/>
        <line num="32" count="0" type="stmt"/>
        <line num="34" count="0" type="stmt"/>
        <line num="36" count="0" type="stmt"/>
        <line num="40" count="0" type="stmt"/>
      </file>
    </package>
  </project>
</coverage>
